TN:
SF:src\modules\accounts\useCases\User\authenticateUser\AuthenticateUserUseCase.ts
FN:34,AuthenticateUserUseCase
FN:45,execute
FNF:2
FNH:2
FNDA:3,AuthenticateUserUseCase
FNDA:3,execute
DA:1,1
DA:2,1
DA:3,1
DA:4,1
DA:5,1
DA:6,1
DA:7,1
DA:8,1
DA:9,1
DA:10,1
DA:11,1
DA:12,1
DA:13,1
DA:14,1
DA:15,1
DA:16,1
DA:17,1
DA:18,1
DA:19,1
DA:20,1
DA:21,1
DA:22,1
DA:23,1
DA:24,1
DA:25,1
DA:26,1
DA:27,1
DA:28,1
DA:29,1
DA:30,1
DA:31,1
DA:32,1
DA:33,1
DA:34,1
DA:35,3
DA:36,3
DA:37,3
DA:38,3
DA:39,3
DA:40,3
DA:41,3
DA:42,3
DA:43,3
DA:44,1
DA:45,1
DA:46,3
DA:47,3
DA:48,2
DA:49,2
DA:50,3
DA:51,1
DA:52,1
DA:53,1
DA:54,1
DA:55,1
DA:56,1
DA:57,1
DA:58,1
DA:59,1
DA:60,1
DA:61,1
DA:62,1
DA:63,1
DA:64,1
DA:65,1
DA:66,1
DA:67,1
DA:68,1
DA:69,1
DA:70,1
DA:71,1
DA:72,1
DA:73,1
DA:74,1
DA:75,1
DA:76,1
DA:77,1
DA:78,1
DA:79,1
DA:80,1
DA:81,1
DA:82,1
DA:83,1
DA:84,1
DA:85,1
DA:86,1
DA:87,1
DA:88,1
DA:89,1
DA:90,1
DA:91,1
DA:92,1
LF:92
LH:92
BRDA:34,0,0,3
BRDA:45,1,0,3
BRDA:47,2,0,1
BRDA:48,3,0,2
BRDA:50,4,0,1
BRF:5
BRH:5
end_of_record
TN:
SF:src\modules\accounts\useCases\User\createNewUser\CreateNewUserUseCase.ts
FN:19,CreateNewUserUseCase
FN:23,execute
FNF:2
FNH:2
FNDA:3,CreateNewUserUseCase
FNDA:1,execute
DA:1,1
DA:2,1
DA:3,1
DA:4,1
DA:5,1
DA:6,1
DA:7,1
DA:8,1
DA:9,1
DA:10,1
DA:11,1
DA:12,1
DA:13,1
DA:14,1
DA:15,1
DA:16,1
DA:17,1
DA:18,1
DA:19,1
DA:20,3
DA:21,3
DA:22,1
DA:23,1
DA:24,1
DA:25,1
DA:26,1
DA:27,1
DA:28,1
DA:29,1
DA:30,1
DA:31,1
DA:32,1
DA:33,0
DA:34,0
DA:35,1
DA:36,1
DA:37,0
DA:38,0
DA:39,1
DA:40,1
DA:41,1
DA:42,1
DA:43,1
DA:44,1
DA:45,1
DA:46,1
DA:47,1
DA:48,1
DA:49,1
DA:50,1
DA:51,1
LF:51
LH:47
BRDA:19,0,0,3
BRDA:23,1,0,1
BRDA:32,2,0,0
BRDA:36,3,0,0
BRF:4
BRH:2
end_of_record
TN:
SF:src\modules\accounts\useCases\User\favoriteCar\FavoriteCarUseCase.ts
FN:14,FavoriteCarUseCase
FN:18,execute
FNF:2
FNH:2
FNDA:3,FavoriteCarUseCase
FNDA:3,execute
DA:1,1
DA:2,1
DA:3,1
DA:4,1
DA:5,1
DA:6,1
DA:7,1
DA:8,1
DA:9,1
DA:10,1
DA:11,1
DA:12,1
DA:13,1
DA:14,1
DA:15,3
DA:16,3
DA:17,1
DA:18,1
DA:19,3
DA:20,2
DA:21,2
DA:22,2
DA:23,2
DA:24,2
DA:25,2
DA:26,2
DA:27,3
DA:28,1
DA:29,1
DA:30,1
DA:31,1
DA:32,2
DA:33,2
DA:34,2
DA:35,2
DA:36,2
DA:37,1
LF:37
LH:37
BRDA:14,0,0,3
BRDA:18,1,0,3
BRDA:19,2,0,1
BRDA:20,3,0,2
BRDA:27,4,0,1
BRDA:32,5,0,2
BRDA:24,6,0,1
BRF:7
BRH:7
end_of_record
TN:
SF:src\modules\accounts\useCases\User\listAllUsers\ListAllUsersUseCase.ts
FN:8,ListAllUsersUseCase
FN:12,execute
FNF:2
FNH:2
FNDA:1,ListAllUsersUseCase
FNDA:1,execute
DA:1,1
DA:2,1
DA:3,1
DA:4,1
DA:5,1
DA:6,1
DA:7,1
DA:8,1
DA:9,1
DA:10,1
DA:11,1
DA:12,1
DA:13,1
DA:14,1
DA:15,1
DA:16,1
LF:16
LH:16
BRDA:8,0,0,1
BRDA:12,1,0,1
BRF:2
BRH:2
end_of_record
TN:
SF:src\modules\accounts\useCases\User\listFavoritedCars\ListFavoritedCarsUseCase.ts
FN:8,ListFavoritedCarsUseCase
FN:12,execute
FNF:2
FNH:2
FNDA:1,ListFavoritedCarsUseCase
FNDA:1,execute
DA:1,1
DA:2,1
DA:3,1
DA:4,1
DA:5,1
DA:6,1
DA:7,1
DA:8,1
DA:9,1
DA:10,1
DA:11,1
DA:12,1
DA:13,1
DA:14,1
DA:15,1
DA:16,1
LF:16
LH:16
BRDA:8,0,0,1
BRDA:12,1,0,1
BRF:2
BRH:2
end_of_record
TN:
SF:src\modules\accounts\useCases\User\resetPasswordUser\ResetPasswordUserUseCase.ts
FN:18,ResetPasswordUserUseCase
FN:31,execute
FNF:2
FNH:2
FNDA:4,ResetPasswordUserUseCase
FNDA:4,execute
DA:1,1
DA:2,1
DA:3,1
DA:4,1
DA:5,1
DA:6,1
DA:7,1
DA:8,1
DA:9,1
DA:10,1
DA:11,1
DA:12,1
DA:13,1
DA:14,1
DA:15,1
DA:16,1
DA:17,1
DA:18,1
DA:19,4
DA:20,4
DA:21,4
DA:22,4
DA:23,4
DA:24,4
DA:25,4
DA:26,4
DA:27,4
DA:28,4
DA:29,4
DA:30,1
DA:31,1
DA:32,4
DA:33,4
DA:34,3
DA:35,3
DA:36,3
DA:37,3
DA:38,4
DA:39,2
DA:40,2
DA:41,2
DA:42,2
DA:43,2
DA:44,2
DA:45,4
DA:46,1
DA:47,1
DA:48,1
DA:49,1
DA:50,1
DA:51,1
DA:52,1
DA:53,1
DA:54,1
DA:55,1
DA:56,1
DA:57,1
LF:57
LH:57
BRDA:18,0,0,4
BRDA:31,1,0,4
BRDA:33,2,0,1
BRDA:34,3,0,3
BRDA:38,4,0,1
BRDA:39,5,0,2
BRDA:45,6,0,1
BRF:7
BRH:7
end_of_record
TN:
SF:src\modules\accounts\useCases\User\sendContact\SendContactUseCase.ts
FN:17,SendContactUseCase
FN:25,execute
FNF:2
FNH:2
FNDA:3,SendContactUseCase
FNDA:3,execute
DA:1,1
DA:2,1
DA:3,1
DA:4,1
DA:5,1
DA:6,1
DA:7,1
DA:8,1
DA:9,1
DA:10,1
DA:11,1
DA:12,1
DA:13,1
DA:14,1
DA:15,1
DA:16,1
DA:17,1
DA:18,3
DA:19,3
DA:20,3
DA:21,3
DA:22,3
DA:23,3
DA:24,1
DA:25,1
DA:26,3
DA:27,3
DA:28,1
DA:29,1
DA:30,1
DA:31,1
DA:32,1
DA:33,1
DA:34,1
DA:35,1
DA:36,1
DA:37,1
DA:38,1
DA:39,1
DA:40,1
DA:41,1
DA:42,1
DA:43,1
DA:44,1
DA:45,1
DA:46,1
DA:47,1
DA:48,1
DA:49,1
DA:50,1
DA:51,1
DA:52,1
DA:53,1
DA:54,1
DA:55,1
DA:56,1
DA:57,1
DA:58,1
DA:59,1
LF:59
LH:59
BRDA:17,0,0,3
BRDA:25,1,0,3
BRDA:26,2,0,1
BRDA:27,3,0,2
BRDA:27,4,0,1
BRF:5
BRH:5
end_of_record
TN:
SF:src\modules\accounts\useCases\User\sendForgotPasswordMail\SendForgotPasswordMailUseCase.ts
FN:16,SendForgotPasswordMailUseCase
FN:29,execute
FNF:2
FNH:2
FNDA:3,SendForgotPasswordMailUseCase
FNDA:3,execute
DA:1,1
DA:2,1
DA:3,1
DA:4,1
DA:5,1
DA:6,1
DA:7,1
DA:8,1
DA:9,1
DA:10,1
DA:11,1
DA:12,1
DA:13,1
DA:14,1
DA:15,1
DA:16,1
DA:17,3
DA:18,3
DA:19,3
DA:20,3
DA:21,3
DA:22,3
DA:23,3
DA:24,3
DA:25,3
DA:26,3
DA:27,3
DA:28,1
DA:29,1
DA:30,3
DA:31,3
DA:32,3
DA:33,3
DA:34,2
DA:35,2
DA:36,2
DA:37,2
DA:38,2
DA:39,2
DA:40,2
DA:41,2
DA:42,2
DA:43,2
DA:44,2
DA:45,2
DA:46,2
DA:47,2
DA:48,2
DA:49,2
DA:50,2
DA:51,2
DA:52,2
DA:53,2
DA:54,2
DA:55,2
DA:56,2
DA:57,2
DA:58,2
DA:59,2
DA:60,2
DA:61,2
DA:62,2
DA:63,2
DA:64,2
DA:65,2
DA:66,2
DA:67,1
LF:67
LH:67
BRDA:16,0,0,3
BRDA:29,1,0,3
BRDA:30,2,0,0
BRDA:33,3,0,1
BRDA:34,4,0,2
BRF:5
BRH:4
end_of_record
TN:
SF:src\modules\accounts\useCases\User\updateUserAvatar\UpdateUserAvatarUseCase.ts
FN:21,UpdateUserAvatarUseCase
FN:29,execute
FNF:2
FNH:2
FNDA:6,UpdateUserAvatarUseCase
FNDA:6,execute
DA:1,1
DA:2,1
DA:3,1
DA:4,1
DA:5,1
DA:6,1
DA:7,1
DA:8,1
DA:9,1
DA:10,1
DA:11,1
DA:12,1
DA:13,1
DA:14,1
DA:15,1
DA:16,1
DA:17,1
DA:18,1
DA:19,1
DA:20,1
DA:21,1
DA:22,6
DA:23,6
DA:24,6
DA:25,6
DA:26,6
DA:27,6
DA:28,1
DA:29,1
DA:30,6
DA:31,6
DA:32,4
DA:33,4
DA:34,6
DA:35,3
DA:36,6
DA:37,2
DA:38,2
DA:39,2
DA:40,1
DA:41,1
DA:42,1
DA:43,2
DA:44,2
DA:45,2
DA:46,2
DA:47,2
DA:48,2
DA:49,2
DA:50,2
DA:51,2
DA:52,2
DA:53,2
DA:54,2
DA:55,2
DA:56,2
DA:57,2
DA:58,2
DA:59,2
DA:60,1
LF:60
LH:60
BRDA:21,0,0,6
BRDA:29,1,0,6
BRDA:30,2,0,1
BRDA:31,3,0,5
BRDA:31,4,0,1
BRDA:32,5,0,4
BRDA:34,6,0,1
BRDA:35,7,0,3
BRDA:36,8,0,2
BRDA:39,9,0,1
BRF:10
BRH:10
end_of_record
TN:
SF:src\modules\accounts\useCases\User\updateUserInfos\UpdateUserInfosUseCase.ts
FN:16,UpdateUserInfosUseCase
FN:20,execute
FNF:2
FNH:2
FNDA:2,UpdateUserInfosUseCase
FNDA:2,execute
DA:1,1
DA:2,1
DA:3,1
DA:4,1
DA:5,1
DA:6,1
DA:7,1
DA:8,1
DA:9,1
DA:10,1
DA:11,1
DA:12,1
DA:13,1
DA:14,1
DA:15,1
DA:16,1
DA:17,2
DA:18,2
DA:19,1
DA:20,1
DA:21,2
DA:22,1
DA:23,1
DA:24,1
DA:25,1
DA:26,1
DA:27,1
DA:28,1
DA:29,1
DA:30,1
DA:31,1
DA:32,1
DA:33,1
DA:34,1
DA:35,1
DA:36,1
DA:37,1
DA:38,1
LF:38
LH:38
BRDA:16,0,0,2
BRDA:20,1,0,2
BRDA:21,2,0,1
BRF:3
BRH:3
end_of_record
TN:
SF:src\modules\accounts\useCases\UserToken\refreshToken\RefreshTokenUseCase.ts
FN:23,RefreshTokenUseCase
FN:32,execute
FNF:2
FNH:2
FNDA:3,RefreshTokenUseCase
FNDA:3,execute
DA:1,1
DA:2,1
DA:3,1
DA:4,1
DA:5,1
DA:6,1
DA:7,1
DA:8,1
DA:9,1
DA:10,1
DA:11,1
DA:12,1
DA:13,1
DA:14,1
DA:15,1
DA:16,1
DA:17,1
DA:18,1
DA:19,1
DA:20,1
DA:21,1
DA:22,1
DA:23,1
DA:24,3
DA:25,3
DA:26,3
DA:27,3
DA:28,3
DA:29,3
DA:30,3
DA:31,1
DA:32,1
DA:33,3
DA:34,2
DA:35,2
DA:36,2
DA:37,2
DA:38,2
DA:39,2
DA:40,2
DA:41,2
DA:42,2
DA:43,2
DA:44,2
DA:45,2
DA:46,3
DA:47,1
DA:48,1
DA:49,1
DA:50,1
DA:51,1
DA:52,1
DA:53,1
DA:54,1
DA:55,1
DA:56,1
DA:57,1
DA:58,1
DA:59,1
DA:60,1
DA:61,1
DA:62,1
DA:63,1
DA:64,1
DA:65,1
DA:66,1
DA:67,1
DA:68,1
DA:69,1
DA:70,1
LF:70
LH:70
BRDA:23,0,0,3
BRDA:32,1,0,3
BRDA:33,2,0,1
BRDA:34,3,0,2
BRDA:46,4,0,1
BRF:5
BRH:5
end_of_record
TN:
SF:src\modules\cars\useCases\Car\createCar\CreateCarUseCase.ts
FN:30,CreateCarUseCase
FN:40,execute
FNF:2
FNH:2
FNDA:5,CreateCarUseCase
FNDA:6,execute
DA:1,1
DA:2,1
DA:3,1
DA:4,1
DA:5,1
DA:6,1
DA:7,1
DA:8,1
DA:9,1
DA:10,1
DA:11,1
DA:12,1
DA:13,1
DA:14,1
DA:15,1
DA:16,1
DA:17,1
DA:18,1
DA:19,1
DA:20,1
DA:21,1
DA:22,1
DA:23,1
DA:24,1
DA:25,1
DA:26,1
DA:27,1
DA:28,1
DA:29,1
DA:30,1
DA:31,5
DA:32,5
DA:33,5
DA:34,5
DA:35,5
DA:36,5
DA:37,5
DA:38,5
DA:39,1
DA:40,1
DA:41,6
DA:42,6
DA:43,6
DA:44,6
DA:45,6
DA:46,6
DA:47,6
DA:48,6
DA:49,6
DA:50,6
DA:51,6
DA:52,5
DA:53,5
DA:54,5
DA:55,5
DA:56,6
DA:57,4
DA:58,4
DA:59,4
DA:60,4
DA:61,4
DA:62,4
DA:63,4
DA:64,4
DA:65,4
DA:66,4
DA:67,4
DA:68,4
DA:69,6
DA:70,1
DA:71,1
DA:72,1
DA:73,1
DA:74,1
DA:75,1
DA:76,1
DA:77,1
DA:78,1
DA:79,1
DA:80,1
DA:81,1
DA:82,1
DA:83,1
DA:84,1
DA:85,3
DA:86,3
DA:87,3
DA:88,1
LF:88
LH:88
BRDA:30,0,0,5
BRDA:40,1,0,6
BRDA:51,2,0,1
BRDA:52,3,0,5
BRDA:56,4,0,1
BRDA:57,5,0,4
BRDA:69,6,0,1
BRDA:85,7,0,3
BRF:8
BRH:8
end_of_record
TN:
SF:src\modules\cars\useCases\Car\createCarSpecification\CreateCarSpecificationUseCase.ts
FN:15,CreateCarSpecificationUseCase
FN:24,execute
FNF:2
FNH:2
FNDA:4,CreateCarSpecificationUseCase
FNDA:4,execute
DA:1,1
DA:2,1
DA:3,1
DA:4,1
DA:5,1
DA:6,1
DA:7,1
DA:8,1
DA:9,1
DA:10,1
DA:11,1
DA:12,1
DA:13,1
DA:14,1
DA:15,1
DA:16,4
DA:17,4
DA:18,4
DA:19,4
DA:20,4
DA:21,4
DA:22,4
DA:23,1
DA:24,1
DA:25,4
DA:26,4
DA:27,1
DA:28,1
DA:29,2
DA:30,2
DA:31,2
DA:32,4
DA:33,1
DA:34,1
DA:35,1
DA:36,1
DA:37,1
DA:38,1
DA:39,1
DA:40,1
DA:41,1
DA:42,1
DA:43,1
DA:44,1
DA:45,1
LF:45
LH:45
BRDA:15,0,0,4
BRDA:24,1,0,4
BRDA:25,2,0,1
BRDA:26,3,0,3
BRDA:26,4,0,1
BRDA:29,5,0,2
BRDA:32,6,0,1
BRDA:38,7,0,1
BRF:8
BRH:8
end_of_record
TN:
SF:src\modules\cars\useCases\Car\deleteCar\DeleteCarUseCase.ts
FN:8,DeleteCarUseCase
FN:12,execute
FNF:2
FNH:2
FNDA:2,DeleteCarUseCase
FNDA:2,execute
DA:1,1
DA:2,1
DA:3,1
DA:4,1
DA:5,1
DA:6,1
DA:7,1
DA:8,1
DA:9,2
DA:10,2
DA:11,1
DA:12,1
DA:13,2
DA:14,1
DA:15,1
DA:16,1
DA:17,1
LF:17
LH:17
BRDA:8,0,0,2
BRDA:12,1,0,2
BRDA:13,2,0,1
BRF:3
BRH:3
end_of_record
TN:
SF:src\modules\cars\useCases\Car\getCarInfo\GetCarInfoUseCase.ts
FN:9,GetCarInfoUseCase
FN:13,execute
FNF:2
FNH:2
FNDA:2,GetCarInfoUseCase
FNDA:2,execute
DA:1,1
DA:2,1
DA:3,1
DA:4,1
DA:5,1
DA:6,1
DA:7,1
DA:8,1
DA:9,1
DA:10,2
DA:11,2
DA:12,1
DA:13,1
DA:14,2
DA:15,1
DA:16,1
DA:17,1
DA:18,1
DA:19,1
DA:20,1
LF:20
LH:20
BRDA:9,0,0,2
BRDA:13,1,0,2
BRDA:14,2,0,1
BRF:3
BRH:3
end_of_record
TN:
SF:src\modules\cars\useCases\Car\listAllCars\ListAllCarsUseCase.ts
FN:8,ListAllCarsUseCase
FN:12,execute
FNF:2
FNH:2
FNDA:1,ListAllCarsUseCase
FNDA:1,execute
DA:1,1
DA:2,1
DA:3,1
DA:4,1
DA:5,1
DA:6,1
DA:7,1
DA:8,1
DA:9,1
DA:10,1
DA:11,1
DA:12,1
DA:13,1
DA:14,1
DA:15,1
DA:16,1
LF:16
LH:16
BRDA:8,0,0,1
BRDA:12,1,0,1
BRF:2
BRH:2
end_of_record
TN:
SF:src\modules\cars\useCases\Car\listAvaliableCars\ListAvaliableCarsUseCase.ts
FN:14,ListAvaliableCarsUseCase
FN:18,execute
FNF:2
FNH:2
FNDA:4,ListAvaliableCarsUseCase
FNDA:4,execute
DA:1,1
DA:2,1
DA:3,1
DA:4,1
DA:5,1
DA:6,1
DA:7,1
DA:8,1
DA:9,1
DA:10,1
DA:11,1
DA:12,1
DA:13,1
DA:14,1
DA:15,4
DA:16,4
DA:17,1
DA:18,1
DA:19,4
DA:20,4
DA:21,4
DA:22,4
DA:23,4
DA:24,4
DA:25,4
DA:26,4
DA:27,1
LF:27
LH:27
BRDA:14,0,0,4
BRDA:18,1,0,4
BRF:2
BRH:2
end_of_record
TN:
SF:src\modules\cars\useCases\Car\removeCarImage\RemoveCarImageUseCase.ts
FN:17,RemoveCarImageUseCase
FN:27,execute
FNF:2
FNH:2
FNDA:4,RemoveCarImageUseCase
FNDA:4,execute
DA:1,1
DA:2,1
DA:3,1
DA:4,1
DA:5,1
DA:6,1
DA:7,1
DA:8,1
DA:9,1
DA:10,1
DA:11,1
DA:12,1
DA:13,1
DA:14,1
DA:15,1
DA:16,1
DA:17,1
DA:18,4
DA:19,4
DA:20,4
DA:21,4
DA:22,4
DA:23,4
DA:24,4
DA:25,4
DA:26,1
DA:27,1
DA:28,4
DA:29,4
DA:30,2
DA:31,2
DA:32,4
DA:33,1
DA:34,1
DA:35,1
DA:36,1
DA:37,1
DA:38,1
DA:39,1
DA:40,1
LF:40
LH:40
BRDA:17,0,0,4
BRDA:27,1,0,4
BRDA:28,2,0,1
BRDA:29,3,0,3
BRDA:29,4,0,1
BRDA:30,5,0,2
BRDA:32,6,0,1
BRF:7
BRH:7
end_of_record
TN:
SF:src\modules\cars\useCases\Car\updateCarInfos\UpdateCarInfosUseCase.ts
FN:22,UpdateCarInfosUseCase
FN:26,execute
FNF:2
FNH:2
FNDA:2,UpdateCarInfosUseCase
FNDA:2,execute
DA:1,1
DA:2,1
DA:3,1
DA:4,1
DA:5,1
DA:6,1
DA:7,1
DA:8,1
DA:9,1
DA:10,1
DA:11,1
DA:12,1
DA:13,1
DA:14,1
DA:15,1
DA:16,1
DA:17,1
DA:18,1
DA:19,1
DA:20,1
DA:21,1
DA:22,1
DA:23,2
DA:24,2
DA:25,1
DA:26,1
DA:27,2
DA:28,2
DA:29,2
DA:30,2
DA:31,2
DA:32,2
DA:33,2
DA:34,2
DA:35,2
DA:36,2
DA:37,2
DA:38,2
DA:39,2
DA:40,1
DA:41,1
DA:42,1
DA:43,1
DA:44,1
DA:45,1
DA:46,1
DA:47,1
DA:48,1
DA:49,1
DA:50,1
DA:51,1
DA:52,1
DA:53,1
DA:54,1
LF:54
LH:54
BRDA:22,0,0,2
BRDA:26,1,0,2
BRDA:39,2,0,1
BRF:3
BRH:3
end_of_record
TN:
SF:src\modules\cars\useCases\Car\updateDefaultCarImage\UpdateDefaultCarImageUseCase.ts
FN:22,UpdateDefaultCarImageUseCase
FN:32,execute
FNF:2
FNH:2
FNDA:5,UpdateDefaultCarImageUseCase
FNDA:5,execute
DA:1,1
DA:2,1
DA:3,1
DA:4,1
DA:5,1
DA:6,1
DA:7,1
DA:8,1
DA:9,1
DA:10,1
DA:11,1
DA:12,1
DA:13,1
DA:14,1
DA:15,1
DA:16,1
DA:17,1
DA:18,1
DA:19,1
DA:20,1
DA:21,1
DA:22,1
DA:23,5
DA:24,5
DA:25,5
DA:26,5
DA:27,5
DA:28,5
DA:29,5
DA:30,5
DA:31,1
DA:32,1
DA:33,5
DA:34,5
DA:35,3
DA:36,3
DA:37,5
DA:38,2
DA:39,5
DA:40,1
DA:41,1
DA:42,2
DA:43,2
DA:44,2
DA:45,2
DA:46,2
DA:47,2
DA:48,2
DA:49,2
DA:50,2
DA:51,2
DA:52,2
DA:53,2
DA:54,2
DA:55,2
DA:56,1
LF:56
LH:56
BRDA:22,0,0,5
BRDA:32,1,0,5
BRDA:33,2,0,1
BRDA:34,3,0,4
BRDA:34,4,0,1
BRDA:35,5,0,3
BRDA:37,6,0,1
BRDA:38,7,0,2
BRDA:39,8,0,1
BRDA:42,9,0,2
BRF:10
BRH:10
end_of_record
TN:
SF:src\modules\cars\useCases\Car\uploadCarImage\UploadCarImageUseCase.ts
FN:22,UploadCarImageUseCase
FN:32,execute
FNF:2
FNH:2
FNDA:3,UploadCarImageUseCase
FNDA:3,execute
DA:1,1
DA:2,1
DA:3,1
DA:4,1
DA:5,1
DA:6,1
DA:7,1
DA:8,1
DA:9,1
DA:10,1
DA:11,1
DA:12,1
DA:13,1
DA:14,1
DA:15,1
DA:16,1
DA:17,1
DA:18,1
DA:19,1
DA:20,1
DA:21,1
DA:22,1
DA:23,3
DA:24,3
DA:25,3
DA:26,3
DA:27,3
DA:28,3
DA:29,3
DA:30,3
DA:31,1
DA:32,1
DA:33,3
DA:34,3
DA:35,1
DA:36,1
DA:37,1
DA:38,1
DA:39,1
DA:40,1
DA:41,1
DA:42,1
DA:43,1
DA:44,1
DA:45,1
DA:46,1
DA:47,1
LF:47
LH:47
BRDA:22,0,0,3
BRDA:32,1,0,3
BRDA:33,2,0,1
BRDA:34,3,0,2
BRDA:34,4,0,1
BRF:5
BRH:5
end_of_record
TN:
SF:src\modules\cars\useCases\Category\createCategory\CreateCategoryUseCase.ts
FN:10,CreateCategoryUseCase
FN:16,execute
FNF:2
FNH:2
FNDA:2,CreateCategoryUseCase
FNDA:3,execute
DA:1,1
DA:2,1
DA:3,1
DA:4,1
DA:5,1
DA:6,1
DA:7,1
DA:8,1
DA:9,1
DA:10,1
DA:11,2
DA:12,2
DA:13,2
DA:14,2
DA:15,1
DA:16,1
DA:17,3
DA:18,3
DA:19,3
DA:20,3
DA:21,1
DA:22,1
DA:23,2
DA:24,2
DA:25,2
DA:26,2
DA:27,2
DA:28,2
DA:29,2
DA:30,2
DA:31,1
LF:31
LH:31
BRDA:10,0,0,2
BRDA:16,1,0,3
BRDA:20,2,0,1
BRDA:23,3,0,2
BRF:4
BRH:4
end_of_record
TN:
SF:src\modules\cars\useCases\Category\deleteCategory\DeleteCategoryUseCase.ts
FN:8,DeleteCategoryUseCase
FN:14,execute
FNF:2
FNH:2
FNDA:2,DeleteCategoryUseCase
FNDA:2,execute
DA:1,1
DA:2,1
DA:3,1
DA:4,1
DA:5,1
DA:6,1
DA:7,1
DA:8,1
DA:9,2
DA:10,2
DA:11,2
DA:12,2
DA:13,1
DA:14,1
DA:15,2
DA:16,1
DA:17,1
DA:18,1
DA:19,1
LF:19
LH:19
BRDA:8,0,0,2
BRDA:14,1,0,2
BRDA:15,2,0,1
BRF:3
BRH:3
end_of_record
TN:
SF:src\modules\cars\useCases\Category\importCategory\ImportCategoryUseCase.ts
FN:1,(empty-report)
FNF:1
FNH:0
FNDA:0,(empty-report)
DA:1,0
DA:2,0
DA:3,0
DA:4,0
DA:5,0
DA:6,0
DA:7,0
DA:8,0
DA:9,0
DA:10,0
DA:11,0
DA:12,0
DA:13,0
DA:14,0
DA:15,0
DA:16,0
DA:17,0
DA:18,0
DA:19,0
DA:20,0
DA:21,0
DA:22,0
DA:23,0
DA:24,0
DA:25,0
DA:26,0
DA:27,0
DA:28,0
DA:29,0
DA:30,0
DA:31,0
DA:32,0
DA:33,0
DA:34,0
DA:35,0
DA:36,0
DA:37,0
DA:38,0
DA:39,0
DA:40,0
DA:41,0
DA:42,0
DA:43,0
DA:44,0
DA:45,0
DA:46,0
DA:47,0
DA:48,0
DA:49,0
DA:50,0
DA:51,0
DA:52,0
DA:53,0
DA:54,0
DA:55,0
DA:56,0
DA:57,0
DA:58,0
DA:59,0
DA:60,0
DA:61,0
DA:62,0
DA:63,0
DA:64,0
DA:65,0
LF:65
LH:0
BRDA:1,0,0,0
BRF:1
BRH:0
end_of_record
TN:
SF:src\modules\cars\useCases\Category\listCategories\ListCategoriesUseCase.ts
FN:8,ListCategoriesUseCase
FN:14,execute
FNF:2
FNH:2
FNDA:1,ListCategoriesUseCase
FNDA:1,execute
DA:1,1
DA:2,1
DA:3,1
DA:4,1
DA:5,1
DA:6,1
DA:7,1
DA:8,1
DA:9,1
DA:10,1
DA:11,1
DA:12,1
DA:13,1
DA:14,1
DA:15,1
DA:16,1
DA:17,1
DA:18,1
LF:18
LH:18
BRDA:8,0,0,1
BRDA:14,1,0,1
BRF:2
BRH:2
end_of_record
TN:
SF:src\modules\cars\useCases\Category\updateCategory\UpdateCategoryUseCase.ts
FN:14,UpdateCategoryUseCase
FN:20,execute
FNF:2
FNH:2
FNDA:3,UpdateCategoryUseCase
FNDA:3,execute
DA:1,1
DA:2,1
DA:3,1
DA:4,1
DA:5,1
DA:6,1
DA:7,1
DA:8,1
DA:9,1
DA:10,1
DA:11,1
DA:12,1
DA:13,1
DA:14,1
DA:15,3
DA:16,3
DA:17,3
DA:18,3
DA:19,1
DA:20,1
DA:21,3
DA:22,2
DA:23,2
DA:24,2
DA:25,3
DA:26,1
DA:27,1
DA:28,1
DA:29,1
DA:30,1
DA:31,1
DA:32,1
LF:32
LH:32
BRDA:14,0,0,3
BRDA:20,1,0,3
BRDA:21,2,0,1
BRDA:22,3,0,2
BRDA:25,4,0,1
BRF:5
BRH:5
end_of_record
TN:
SF:src\modules\cars\useCases\Specification\createSpecification\CreateSpecificationUseCase.ts
FN:1,(empty-report)
FNF:1
FNH:0
FNDA:0,(empty-report)
DA:1,0
DA:2,0
DA:3,0
DA:4,0
DA:5,0
DA:6,0
DA:7,0
DA:8,0
DA:9,0
DA:10,0
DA:11,0
DA:12,0
DA:13,0
DA:14,0
DA:15,0
DA:16,0
DA:17,0
DA:18,0
DA:19,0
DA:20,0
DA:21,0
DA:22,0
DA:23,0
DA:24,0
DA:25,0
DA:26,0
DA:27,0
DA:28,0
DA:29,0
DA:30,0
DA:31,0
DA:32,0
DA:33,0
DA:34,0
DA:35,0
DA:36,0
LF:36
LH:0
BRDA:1,0,0,0
BRF:1
BRH:0
end_of_record
TN:
SF:src\modules\cars\useCases\Specification\deleteSpecification\DeleteSpecificationUseCase.ts
FN:1,(empty-report)
FNF:1
FNH:0
FNDA:0,(empty-report)
DA:1,0
DA:2,0
DA:3,0
DA:4,0
DA:5,0
DA:6,0
DA:7,0
DA:8,0
DA:9,0
DA:10,0
DA:11,0
DA:12,0
DA:13,0
DA:14,0
DA:15,0
DA:16,0
DA:17,0
DA:18,0
DA:19,0
DA:20,0
LF:20
LH:0
BRDA:1,0,0,0
BRF:1
BRH:0
end_of_record
TN:
SF:src\modules\cars\useCases\Specification\listSpecifications\ListSpecificationsUseCase.ts
FN:1,(empty-report)
FNF:1
FNH:0
FNDA:0,(empty-report)
DA:1,0
DA:2,0
DA:3,0
DA:4,0
DA:5,0
DA:6,0
DA:7,0
DA:8,0
DA:9,0
DA:10,0
DA:11,0
DA:12,0
DA:13,0
DA:14,0
DA:15,0
DA:16,0
DA:17,0
DA:18,0
DA:19,0
LF:19
LH:0
BRDA:1,0,0,0
BRF:1
BRH:0
end_of_record
TN:
SF:src\modules\cars\useCases\Specification\updateSpecification\UpdateSpecificationUseCase.ts
FN:1,(empty-report)
FNF:1
FNH:0
FNDA:0,(empty-report)
DA:1,0
DA:2,0
DA:3,0
DA:4,0
DA:5,0
DA:6,0
DA:7,0
DA:8,0
DA:9,0
DA:10,0
DA:11,0
DA:12,0
DA:13,0
DA:14,0
DA:15,0
DA:16,0
DA:17,0
DA:18,0
DA:19,0
DA:20,0
DA:21,0
DA:22,0
DA:23,0
DA:24,0
DA:25,0
DA:26,0
DA:27,0
DA:28,0
DA:29,0
DA:30,0
DA:31,0
DA:32,0
DA:33,0
DA:34,0
DA:35,0
DA:36,0
DA:37,0
DA:38,0
LF:38
LH:0
BRDA:1,0,0,0
BRF:1
BRH:0
end_of_record
TN:
SF:src\modules\rentals\useCases\createRental\CreateRentalUseCase.ts
FN:19,CreateRentalUseCase
FN:29,execute
FNF:2
FNH:2
FNDA:4,CreateRentalUseCase
FNDA:6,execute
DA:1,1
DA:2,1
DA:3,1
DA:4,1
DA:5,1
DA:6,1
DA:7,1
DA:8,1
DA:9,1
DA:10,1
DA:11,1
DA:12,1
DA:13,1
DA:14,1
DA:15,1
DA:16,1
DA:17,1
DA:18,1
DA:19,1
DA:20,4
DA:21,4
DA:22,4
DA:23,4
DA:24,4
DA:25,4
DA:26,4
DA:27,4
DA:28,1
DA:29,1
DA:30,6
DA:31,6
DA:32,6
DA:33,6
DA:34,6
DA:35,6
DA:36,6
DA:37,6
DA:38,6
DA:39,6
DA:40,1
DA:41,1
DA:42,5
DA:43,5
DA:44,5
DA:45,5
DA:46,6
DA:47,1
DA:48,1
DA:49,4
DA:50,4
DA:51,4
DA:52,4
DA:53,4
DA:54,4
DA:55,4
DA:56,4
DA:57,4
DA:58,4
DA:59,4
DA:60,6
DA:61,1
DA:62,1
DA:63,3
DA:64,3
DA:65,3
DA:66,3
DA:67,3
DA:68,3
DA:69,3
DA:70,3
DA:71,3
DA:72,3
DA:73,3
DA:74,3
DA:75,3
DA:76,3
DA:77,1
LF:77
LH:77
BRDA:19,0,0,4
BRDA:29,1,0,6
BRDA:39,2,0,1
BRDA:42,3,0,5
BRDA:46,4,0,1
BRDA:49,5,0,4
BRDA:60,6,0,1
BRDA:63,7,0,3
BRF:8
BRH:8
end_of_record
TN:
SF:src\modules\rentals\useCases\finalizeRental\FinalizeRentalUseCase.ts
FN:20,FinalizeRentalUseCase
FN:32,execute
FNF:2
FNH:2
FNDA:7,FinalizeRentalUseCase
FNDA:7,execute
DA:1,1
DA:2,1
DA:3,1
DA:4,1
DA:5,1
DA:6,1
DA:7,1
DA:8,1
DA:9,1
DA:10,1
DA:11,1
DA:12,1
DA:13,1
DA:14,1
DA:15,1
DA:16,1
DA:17,1
DA:18,1
DA:19,1
DA:20,1
DA:21,7
DA:22,7
DA:23,7
DA:24,7
DA:25,7
DA:26,7
DA:27,7
DA:28,7
DA:29,7
DA:30,7
DA:31,1
DA:32,1
DA:33,7
DA:34,6
DA:35,6
DA:36,6
DA:37,7
DA:38,5
DA:39,5
DA:40,5
DA:41,7
DA:42,1
DA:43,1
DA:44,4
DA:45,7
DA:46,3
DA:47,3
DA:48,3
DA:49,3
DA:50,3
DA:51,3
DA:52,3
DA:53,3
DA:54,3
DA:55,3
DA:56,3
DA:57,3
DA:58,3
DA:59,3
DA:60,3
DA:61,3
DA:62,7
DA:63,7
DA:64,7
DA:65,1
DA:66,1
DA:67,1
DA:68,3
DA:69,3
DA:70,3
DA:71,3
DA:72,3
DA:73,3
DA:74,3
DA:75,1
LF:75
LH:75
BRDA:20,0,0,7
BRDA:32,1,0,7
BRDA:33,2,0,1
BRDA:34,3,0,6
BRDA:37,4,0,1
BRDA:38,5,0,5
BRDA:41,6,0,2
BRDA:41,7,0,1
BRDA:44,8,0,4
BRDA:45,9,0,1
BRDA:46,10,0,3
BRDA:62,11,0,1
BRDA:62,12,0,2
BRDA:64,13,0,1
BRDA:68,14,0,3
BRF:15
BRH:15
end_of_record
TN:
SF:src\modules\rentals\useCases\listAllRentals\ListAllRentalsUseCase.ts
FN:15,ListAllRentalsUseCase
FN:21,execute
FNF:2
FNH:2
FNDA:1,ListAllRentalsUseCase
FNDA:1,execute
DA:1,1
DA:2,1
DA:3,1
DA:4,1
DA:5,1
DA:6,1
DA:7,1
DA:8,1
DA:9,1
DA:10,1
DA:11,1
DA:12,1
DA:13,1
DA:14,1
DA:15,1
DA:16,1
DA:17,1
DA:18,1
DA:19,1
DA:20,1
DA:21,1
DA:22,1
DA:23,1
DA:24,1
DA:25,1
DA:26,1
DA:27,1
DA:28,1
DA:29,1
DA:30,1
DA:31,1
DA:32,1
DA:33,1
DA:34,1
DA:35,1
DA:36,1
LF:36
LH:36
BRDA:15,0,0,1
BRDA:21,1,0,1
BRF:2
BRH:2
end_of_record
TN:
SF:src\modules\rentals\useCases\listRentals\ListRentalsUseCase.ts
FN:9,ListRentalsUseCase
FN:15,execute
FNF:2
FNH:2
FNDA:1,ListRentalsUseCase
FNDA:1,execute
DA:1,1
DA:2,1
DA:3,1
DA:4,1
DA:5,1
DA:6,1
DA:7,1
DA:8,1
DA:9,1
DA:10,1
DA:11,1
DA:12,1
DA:13,1
DA:14,1
DA:15,1
DA:16,1
DA:17,1
DA:18,1
DA:19,1
DA:20,1
DA:21,1
DA:22,1
LF:22
LH:22
BRDA:9,0,0,1
BRDA:15,1,0,1
BRDA:16,2,0,0
BRF:3
BRH:2
end_of_record
TN:
SF:src\modules\rentals\useCases\updateRental\UpdateRentalUseCase.ts
FN:1,(empty-report)
FNF:1
FNH:0
FNDA:0,(empty-report)
DA:1,0
DA:2,0
DA:3,0
DA:4,0
DA:5,0
DA:6,0
DA:7,0
DA:8,0
DA:9,0
DA:10,0
DA:11,0
DA:12,0
DA:13,0
DA:14,0
DA:15,0
DA:16,0
DA:17,0
DA:18,0
DA:19,0
DA:20,0
DA:21,0
DA:22,0
DA:23,0
DA:24,0
DA:25,0
DA:26,0
DA:27,0
DA:28,0
DA:29,0
DA:30,0
DA:31,0
DA:32,0
DA:33,0
DA:34,0
DA:35,0
DA:36,0
DA:37,0
DA:38,0
DA:39,0
DA:40,0
DA:41,0
DA:42,0
DA:43,0
DA:44,0
DA:45,0
DA:46,0
DA:47,0
DA:48,0
DA:49,0
DA:50,0
DA:51,0
DA:52,0
DA:53,0
DA:54,0
DA:55,0
DA:56,0
DA:57,0
DA:58,0
DA:59,0
DA:60,0
DA:61,0
DA:62,0
DA:63,0
DA:64,0
DA:65,0
DA:66,0
DA:67,0
DA:68,0
DA:69,0
DA:70,0
DA:71,0
DA:72,0
DA:73,0
DA:74,0
DA:75,0
DA:76,0
DA:77,0
DA:78,0
DA:79,0
DA:80,0
DA:81,0
DA:82,0
DA:83,0
DA:84,0
LF:84
LH:0
BRDA:1,0,0,0
BRF:1
BRH:0
end_of_record
